


ARM Macro Assembler    Page 1 


    1 00000000         ; LCD.s
    2 00000000         ; Student names: change this to your names or look very 
                       silly
    3 00000000         ; Last modification date: change this to the last modifi
                       cation date or look very silly
    4 00000000         
    5 00000000         ; Runs on LM4F120/TM4C123
    6 00000000         ; Use SSI0 to send an 8-bit code to the ST7735 160x128 p
                       ixel LCD.
    7 00000000         
    8 00000000         ; As part of Lab 7, students need to implement these LCD
                       _WriteCommand and LCD_WriteData
    9 00000000         ; This driver assumes two low-level LCD functions
   10 00000000         
   11 00000000         ; Backlight (pin 10) connected to +3.3 V
   12 00000000         ; MISO (pin 9) unconnected
   13 00000000         ; SCK (pin 8) connected to PA2 (SSI0Clk)
   14 00000000         ; MOSI (pin 7) connected to PA5 (SSI0Tx)
   15 00000000         ; TFT_CS (pin 6) connected to PA3 (SSI0Fss)
   16 00000000         ; CARD_CS (pin 5) unconnected
   17 00000000         ; Data/Command (pin 4) connected to PA6 (GPIO)
   18 00000000         ; RESET (pin 3) connected to PA7 (GPIO)
   19 00000000         ; VCC (pin 2) connected to +3.3 V
   20 00000000         ; Gnd (pin 1) connected to ground
   21 00000000         
   22 00000000 40004100 
                       DC      EQU              0x40004100
   23 00000000 00000000 
                       DC_COMMAND
                               EQU              0
   24 00000000 00000040 
                       DC_DATA EQU              0x40
   25 00000000 40008008 
                       SSI0_DR_R
                               EQU              0x40008008
   26 00000000 4000800C 
                       SSI0_SR_R
                               EQU              0x4000800C
   27 00000000 00000004 
                       SSI_SR_RNE
                               EQU              0x00000004  ; SSI Receive FIFO 
                                                            Not Empty
   28 00000000 00000010 
                       SSI_SR_BSY
                               EQU              0x00000010  ; SSI Busy Bit
   29 00000000 00000002 
                       SSI_SR_TNF
                               EQU              0x00000002  ; SSI Transmit FIFO
                                                             Not Full
   30 00000000         
   31 00000000                 EXPORT           writecommand
   32 00000000                 EXPORT           writedata
   33 00000000         
   34 00000000         
   35 00000000                 AREA             |.text|, CODE, READONLY, ALIGN=
2
   36 00000000                 PRESERVE8
   37 00000000                 THUMB
   38 00000000                 ALIGN



ARM Macro Assembler    Page 2 


   39 00000000         
   40 00000000         ; The Data/Command pin must be valid when the eighth bit
                        is
   41 00000000         ; sent.  The SSI module has hardware input and output FI
                       FOs
   42 00000000         ; that are 8 locations deep.  Based on the observation t
                       hat
   43 00000000         ; the LCD interface tends to send a few commands and the
                       n a
   44 00000000         ; lot of data, the FIFOs are not used when writing
   45 00000000         ; commands, and they are used when writing data.  This
   46 00000000         ; ensures that the Data/Command pin status matches the b
                       yte
   47 00000000         ; that is actually being transmitted.
   48 00000000         ; The write command operation waits until all data has b
                       een
   49 00000000         ; sent, configures the Data/Command pin for commands, se
                       nds
   50 00000000         ; the command, and then waits for the transmission to
   51 00000000         ; finish.
   52 00000000         ; The write data operation waits until there is room in 
                       the
   53 00000000         ; transmit FIFO, configures the Data/Command pin for dat
                       a,
   54 00000000         ; and then adds the data to the transmit FIFO.
   55 00000000         ; NOTE: These functions will crash or stall indefinitely
                        if
   56 00000000         ; the SSI0 module is not initialized and enabled.
   57 00000000         
   58 00000000         ; This is a helper function that sends an 8-bit command 
                       to the LCD.
   59 00000000         ; Input: R0  8-bit command to transmit
   60 00000000         ; Output: none
   61 00000000         ; Assumes: SSI0 and port A have already been initialized
                        and enabled
   62 00000000         writecommand
   63 00000000         ;; --UUU-- Code to write a command to the LCD
   64 00000000         ;1) Read SSI0_SR_R and check bit 4, 
   65 00000000         ;2) If bit 4 is high, loop back to step 1 (wait for BUSY
                        bit to be low)
   66 00000000         ;3) Clear D/C=PA6 to zero
   67 00000000         ;4) Write the command to SSI0_DR_R
   68 00000000         ;5) Read SSI0_SR_R and check bit 4, 
   69 00000000         ;6) If bit 4 is high, loop back to step 5 (wait for BUSY
                        bit to be low)
   70 00000000         
   71 00000000         loop
   72 00000000 4A13            LDR              R2, =SSI0_SR_R ;
   73 00000002 6811            LDR              R1, [R2]    ;
   74 00000004 F021 01EF       BIC              R1, #0xEF   ;
   75 00000008 EA4F 1121       ASR              R1, #4      ; 
   76 0000000C 2901            CMP              R1, #1      ;
   77 0000000E D0F7            BEQ              loop
   78 00000010         ;checks to see if bit 4 is 1 or 0
   79 00000010 4B10            LDR              R3, =DC
   80 00000012 681A            LDR              R2, [R3]    ;
   81 00000014 F022 0240       BIC              R2, #0x40   ;
   82 00000018 601A            STR              R2, [R3]    ;
   83 0000001A         ;clears PA6 = D/C



ARM Macro Assembler    Page 3 


   84 0000001A 4A0F            LDR              R2, =SSI0_DR_R ;
   85 0000001C 6010            STR              R0, [R2]    ;
   86 0000001E         ;stores the command in R0 into DR_R
   87 0000001E         loop2
   88 0000001E 4A0C            LDR              R2, =SSI0_SR_R ;
   89 00000020 6811            LDR              R1, [R2]    ;
   90 00000022 F021 01EF       BIC              R1, #0xEF   ;
   91 00000026 EA4F 1121       ASR              R1, #4      ;
   92 0000002A 2901            CMP              R1, #1      ;
   93 0000002C D0F7            BEQ              loop2
   94 0000002E         
   95 0000002E 4770            BX               LR          ;   return
   96 00000030         
   97 00000030         ; This is a helper function that sends an 8-bit data to 
                       the LCD.
   98 00000030         ; Input: R0  8-bit data to transmit
   99 00000030         ; Output: none
  100 00000030         ; Assumes: SSI0 and port A have already been initialized
                        and enabled
  101 00000030         writedata
  102 00000030         ;; --UUU-- Code to write data to the LCD
  103 00000030         ;1) Read SSI0_SR_R and check bit 1, 
  104 00000030         ;2) If bit 1 is low loop back to step 1 (wait for TNF bi
                       t to be high)
  105 00000030         ;3) Set D/C=PA6 to one
  106 00000030         ;4) Write the 8-bit data to SSI0_DR_R
  107 00000030         
  108 00000030         
  109 00000030         loop3
  110 00000030 4A07            LDR              R2, =SSI0_SR_R ;
  111 00000032 6813            LDR              R3, [R2]    ;
  112 00000034 F023 03FD       BIC              R3, #0xFD   ;
  113 00000038 EA4F 0363       ASR              R3, #1      ;
  114 0000003C 2B00            CMP              R3, #0      ;
  115 0000003E D0F7            BEQ              loop3
  116 00000040         ;
  117 00000040 4A04            LDR              R2, =DC
  118 00000042 6811            LDR              R1, [R2]    ;
  119 00000044 F041 0140       ORR              R1, #0x40   ;
  120 00000048 6011            STR              R1, [R2]    ;
  121 0000004A         ;sets PA6 as 1
  122 0000004A 4A03            LDR              R2, =SSI0_DR_R ;
  123 0000004C 6010            STR              R0, [R2]    ;
  124 0000004E         ; writes the 8-bit data into DR_R
  125 0000004E 4770            BX               LR          ;   return
  126 00000050         
  127 00000050         
  128 00000050         ;***************************************************
  129 00000050         ; This is a library for the Adafruit 1.8" SPI display.
  130 00000050         ; This library works with the Adafruit 1.8" TFT Breakout
                        w/SD card
  131 00000050         ; ----> http://www.adafruit.com/products/358
  132 00000050         ; as well as Adafruit raw 1.8" TFT display
  133 00000050         ; ----> http://www.adafruit.com/products/618
  134 00000050         ;
  135 00000050         ; Check out the links above for our tutorials and wiring
                        diagrams
  136 00000050         ; These displays use SPI to communicate, 4 or 5 pins are
                        required to



ARM Macro Assembler    Page 4 


  137 00000050         ; interface (RST is optional)
  138 00000050         ; Adafruit invests time and resources providing this ope
                       n source code,
  139 00000050         ; please support Adafruit and open-source hardware by pu
                       rchasing
  140 00000050         ; products from Adafruit!
  141 00000050         ;
  142 00000050         ; Written by Limor Fried/Ladyada for Adafruit Industries
                       .
  143 00000050         ; MIT license, all text above must be included in any re
                       distribution
  144 00000050         ;****************************************************
  145 00000050         
  146 00000050                 ALIGN                        ; make sure the end
                                                             of this section is
                                                             aligned
  147 00000050                 END                          ; end of file
              4000800C 
              40004100 
              40008008 
Command Line: --debug --xref --cpu=Cortex-M4 --apcs=interwork --depend=.\lcd.d 
-o.\lcd.o -ID:\Keil\ARM\RV31\INC -ID:\Keil\ARM\CMSIS\Include -ID:\Keil\ARM\Inc\
Luminary --predefine="__EVAL SETA 1" --predefine="__MICROLIB SETA 1" --list=.\l
cd.lst LCD.s



ARM Macro Assembler    Page 1 Alphabetic symbol ordering
Relocatable symbols

.text 00000000

Symbol: .text
   Definitions
      At line 35 in file LCD.s
   Uses
      None
Comment: .text unused
loop 00000000

Symbol: loop
   Definitions
      At line 71 in file LCD.s
   Uses
      At line 77 in file LCD.s
Comment: loop used once
loop2 0000001E

Symbol: loop2
   Definitions
      At line 87 in file LCD.s
   Uses
      At line 93 in file LCD.s
Comment: loop2 used once
loop3 00000030

Symbol: loop3
   Definitions
      At line 109 in file LCD.s
   Uses
      At line 115 in file LCD.s
Comment: loop3 used once
writecommand 00000000

Symbol: writecommand
   Definitions
      At line 62 in file LCD.s
   Uses
      At line 31 in file LCD.s
Comment: writecommand used once
writedata 00000030

Symbol: writedata
   Definitions
      At line 101 in file LCD.s
   Uses
      At line 32 in file LCD.s
Comment: writedata used once
6 symbols



ARM Macro Assembler    Page 1 Alphabetic symbol ordering
Absolute symbols

DC 40004100

Symbol: DC
   Definitions
      At line 22 in file LCD.s
   Uses
      At line 79 in file LCD.s
      At line 117 in file LCD.s

DC_COMMAND 00000000

Symbol: DC_COMMAND
   Definitions
      At line 23 in file LCD.s
   Uses
      None
Comment: DC_COMMAND unused
DC_DATA 00000040

Symbol: DC_DATA
   Definitions
      At line 24 in file LCD.s
   Uses
      None
Comment: DC_DATA unused
SSI0_DR_R 40008008

Symbol: SSI0_DR_R
   Definitions
      At line 25 in file LCD.s
   Uses
      At line 84 in file LCD.s
      At line 122 in file LCD.s

SSI0_SR_R 4000800C

Symbol: SSI0_SR_R
   Definitions
      At line 26 in file LCD.s
   Uses
      At line 72 in file LCD.s
      At line 88 in file LCD.s
      At line 110 in file LCD.s

SSI_SR_BSY 00000010

Symbol: SSI_SR_BSY
   Definitions
      At line 28 in file LCD.s
   Uses
      None
Comment: SSI_SR_BSY unused
SSI_SR_RNE 00000004

Symbol: SSI_SR_RNE
   Definitions
      At line 27 in file LCD.s
   Uses
      None



ARM Macro Assembler    Page 2 Alphabetic symbol ordering
Absolute symbols

Comment: SSI_SR_RNE unused
SSI_SR_TNF 00000002

Symbol: SSI_SR_TNF
   Definitions
      At line 29 in file LCD.s
   Uses
      None
Comment: SSI_SR_TNF unused
8 symbols
348 symbols in table
